<?xml version="1.0" encoding="UTF-8"?>
<!-- Generated by org.testng.reporters.JUnitReportReporter -->
<testsuite skipped="0" hostname="VI209570" name="demo.Interview.Hierarchy" tests="2" failures="0" timestamp="2020-05-29T15:16:09 IST" time="0.016" errors="0">
  <testcase name="b" time="0.012" classname="demo.Interview.Hierarchy"/>
  <testcase name="f" time="0.004" classname="demo.Interview.Hierarchy"/>
</testsuite> <!-- demo.Interview.Hierarchy -->
