<?xml version="1.0" encoding="UTF-8"?>
<!-- Generated by org.testng.reporters.JUnitReportReporter -->
<testsuite skipped="0" hostname="VI209570" name="demo.Interview.HierarchyTest" tests="2" failures="0" timestamp="2020-05-29T17:08:09 IST" time="0.006" errors="0">
  <testcase name="b" time="0.004" classname="demo.Interview.HierarchyTest"/>
  <system-out/>
  <testcase name="f" time="0.002" classname="demo.Interview.HierarchyTest"/>
  <system-out/>
</testsuite> <!-- demo.Interview.HierarchyTest -->
